# JRE version: OpenJDK Runtime Environment (11.0.11+9) (build 11.0.11+9-b60-7590822)
# Java VM: OpenJDK 64-Bit Server VM (11.0.11+9-b60-7590822, mixed mode, tiered, compressed oops, g1 gc, windows-amd64)
Heap:
 garbage-first heap   total 192512K, used 29182K [0x0000000080000000, 0x0000000100000000)
  region size 1024K, 14 young (14336K), 3 survivors (3072K)
 Metaspace       used 26158K, capacity 26796K, committed 27008K, reserved 1073152K
  class space    used 3430K, capacity 3649K, committed 3712K, reserved 1048576K
GC Heap History (6 events):
Event: 1.377 GC heap before
{Heap before GC invocations=0 (full 0):
 garbage-first heap   total 192512K, used 29696K [0x0000000080000000, 0x0000000100000000)
  region size 1024K, 24 young (24576K), 0 survivors (0K)
 Metaspace       used 9845K, capacity 10050K, committed 10112K, reserved 1058816K
  class space    used 1028K, capacity 1102K, committed 1152K, reserved 1048576K
}
Event: 1.385 GC heap after
{Heap after GC invocations=1 (full 0):
 garbage-first heap   total 192512K, used 9421K [0x0000000080000000, 0x0000000100000000)
  region size 1024K, 3 young (3072K), 3 survivors (3072K)
 Metaspace       used 9845K, capacity 10050K, committed 10112K, reserved 1058816K
  class space    used 1028K, capacity 1102K, committed 1152K, reserved 1048576K
}
Event: 4.826 GC heap before
{Heap before GC invocations=1 (full 0):
 garbage-first heap   total 192512K, used 107725K [0x0000000080000000, 0x0000000100000000)
  region size 1024K, 100 young (102400K), 3 survivors (3072K)
 Metaspace       used 20656K, capacity 21075K, committed 21248K, reserved 1067008K
  class space    used 2538K, capacity 2693K, committed 2816K, reserved 1048576K
}
Event: 4.840 GC heap after
{Heap after GC invocations=2 (full 0):
 garbage-first heap   total 192512K, used 17406K [0x0000000080000000, 0x0000000100000000)
  region size 1024K, 11 young (11264K), 11 survivors (11264K)
 Metaspace       used 20656K, capacity 21075K, committed 21248K, reserved 1067008K
  class space    used 2538K, capacity 2693K, committed 2816K, reserved 1048576K
}
Event: 5.968 GC heap before
{Heap before GC invocations=3 (full 0):
 garbage-first heap   total 192512K, used 63486K [0x0000000080000000, 0x0000000100000000)
  region size 1024K, 56 young (57344K), 11 survivors (11264K)
 Metaspace       used 25207K, capacity 25736K, committed 25856K, reserved 1071104K
  class space    used 3279K, capacity 3465K, committed 3584K, reserved 1048576K
}
Event: 5.978 GC heap after
{Heap after GC invocations=4 (full 0):
 garbage-first heap   total 192512K, used 18942K [0x0000000080000000, 0x0000000100000000)
  region size 1024K, 3 young (3072K), 3 survivors (3072K)
 Metaspace       used 25207K, capacity 25736K, committed 25856K, reserved 1071104K
  class space    used 3279K, capacity 3465K, committed 3584K, reserved 1048576K
}

